<?xml version="1.0" encoding="UTF-8"?>
<robot generator="Robot 3.1.2 (Python 3.8.2 on win32)" generated="20200404 01:09:41.438" rpa="false">
<suite id="s1" name="Cadastro" source="C:\roboweek\roboweek-1a-edicao\roboweek-1a-edicao\tests\cadastro.robot">
<kw name="Inicia Sessao" library="keywords" type="setup">
<kw name="Open Browser" library="SeleniumLibrary">
<doc>Opens a new browser instance to the optional ``url``.</doc>
<arguments>
<arg>${BASE_URL}</arg>
<arg>Chrome</arg>
</arguments>
<msg timestamp="20200404 01:09:41.872" level="INFO">Opening browser 'Chrome' to base url 'http://localhost:3000'.</msg>
<status status="PASS" starttime="20200404 01:09:41.872" endtime="20200404 01:09:48.057"></status>
</kw>
<kw name="Set Browser Implicit Wait" library="SeleniumLibrary">
<doc>Sets the implicit wait value used by Selenium.</doc>
<arguments>
<arg>5</arg>
</arguments>
<status status="PASS" starttime="20200404 01:09:48.058" endtime="20200404 01:09:48.063"></status>
</kw>
<status status="PASS" starttime="20200404 01:09:41.871" endtime="20200404 01:09:48.064"></status>
</kw>
<test id="s1-t1" name="Cadastrar novo jogo">
<kw name="Dado que acesso o portal de cadastro de jogos" library="keywords">
<kw name="Go To" library="SeleniumLibrary">
<doc>Navigates the current browser window to the provided ``url``.</doc>
<arguments>
<arg>${BASE_URL}/produtos/new</arg>
</arguments>
<msg timestamp="20200404 01:09:48.069" level="INFO">Opening url 'http://localhost:3000/produtos/new'</msg>
<status status="PASS" starttime="20200404 01:09:48.068" endtime="20200404 01:09:48.526"></status>
</kw>
<status status="PASS" starttime="20200404 01:09:48.067" endtime="20200404 01:09:48.526"></status>
</kw>
<kw name="Quando eu faço o cadastro de um novo jogo" library="keywords">
<arguments>
<arg>Duke Nukem 3D</arg>
<arg>FPS</arg>
<arg>20.00</arg>
<arg>10</arg>
</arguments>
<kw name="Input Text" library="SeleniumLibrary">
<doc>Types the given ``text`` into the text field identified by ``locator``.</doc>
<arguments>
<arg>${CAMPO_NOME}</arg>
<arg>${nome}</arg>
</arguments>
<msg timestamp="20200404 01:09:48.535" level="INFO">Typing text 'Duke Nukem 3D' into text field 'id:produto_nome'.</msg>
<status status="PASS" starttime="20200404 01:09:48.534" endtime="20200404 01:09:48.876"></status>
</kw>
<kw name="Input Text" library="SeleniumLibrary">
<doc>Types the given ``text`` into the text field identified by ``locator``.</doc>
<arguments>
<arg>${CAMPO_DESC}</arg>
<arg>${desc}</arg>
</arguments>
<msg timestamp="20200404 01:09:48.878" level="INFO">Typing text 'FPS' into text field 'id:produto_descricao'.</msg>
<status status="PASS" starttime="20200404 01:09:48.877" endtime="20200404 01:09:49.048"></status>
</kw>
<kw name="Input Text" library="SeleniumLibrary">
<doc>Types the given ``text`` into the text field identified by ``locator``.</doc>
<arguments>
<arg>${PRODUTO_PRECO}</arg>
<arg>${preco}</arg>
</arguments>
<msg timestamp="20200404 01:09:49.048" level="INFO">Typing text '20.00' into text field 'id:produto_preco'.</msg>
<status status="PASS" starttime="20200404 01:09:49.048" endtime="20200404 01:09:49.158"></status>
</kw>
<kw name="Input Text" library="SeleniumLibrary">
<doc>Types the given ``text`` into the text field identified by ``locator``.</doc>
<arguments>
<arg>${CAMPO_QTD}</arg>
<arg>${qtd}</arg>
</arguments>
<msg timestamp="20200404 01:09:49.159" level="INFO">Typing text '10' into text field 'id:produto_quantidade'.</msg>
<status status="PASS" starttime="20200404 01:09:49.159" endtime="20200404 01:09:49.258"></status>
</kw>
<kw name="Click Element" library="SeleniumLibrary">
<doc>Click the element identified by ``locator``.</doc>
<arguments>
<arg>${BT_CRIAR_PRODUTO}</arg>
</arguments>
<msg timestamp="20200404 01:09:49.259" level="INFO">Clicking element 'xpath://input[@value='Criar Produto']'.</msg>
<status status="PASS" starttime="20200404 01:09:49.259" endtime="20200404 01:09:49.641"></status>
</kw>
<status status="PASS" starttime="20200404 01:09:48.534" endtime="20200404 01:09:49.641"></status>
</kw>
<kw name="Então vejo a mensagem de sucesso &quot;Produto cadastrado com sucesso&quot;" library="keywords">
<kw name="Element Should Contain" library="SeleniumLibrary">
<doc>Verifies that element ``locator`` contains text ``expected``.</doc>
<arguments>
<arg>${ALERTA_SUCESSO}</arg>
<arg>${mensagem_esperada}</arg>
</arguments>
<msg timestamp="20200404 01:09:49.690" level="INFO">Element 'css:div[role=alert]' contains text 'Produto cadastrado com sucesso'.</msg>
<status status="PASS" starttime="20200404 01:09:49.644" endtime="20200404 01:09:49.690"></status>
</kw>
<status status="PASS" starttime="20200404 01:09:49.643" endtime="20200404 01:09:49.690"></status>
</kw>
<kw name="E vejo este novo jogo na lista" library="keywords">
<arguments>
<arg>Duke Nukem 3D</arg>
</arguments>
<kw name="Element Should Contain" library="SeleniumLibrary">
<doc>Verifies that element ``locator`` contains text ``expected``.</doc>
<arguments>
<arg>${LISTA_JOGOS}</arg>
<arg>${nome}</arg>
</arguments>
<msg timestamp="20200404 01:09:49.725" level="INFO">Element 'css:table tbody' contains text 'Duke Nukem 3D'.</msg>
<status status="PASS" starttime="20200404 01:09:49.691" endtime="20200404 01:09:49.725"></status>
</kw>
<status status="PASS" starttime="20200404 01:09:49.691" endtime="20200404 01:09:49.725"></status>
</kw>
<status status="PASS" starttime="20200404 01:09:48.064" endtime="20200404 01:09:49.726" critical="yes"></status>
</test>
<test id="s1-t2" name="Nome deve ser obrigatório">
<kw name="Dado que acesso o portal de cadastro de jogos" library="keywords">
<kw name="Go To" library="SeleniumLibrary">
<doc>Navigates the current browser window to the provided ``url``.</doc>
<arguments>
<arg>${BASE_URL}/produtos/new</arg>
</arguments>
<msg timestamp="20200404 01:09:49.731" level="INFO">Opening url 'http://localhost:3000/produtos/new'</msg>
<status status="PASS" starttime="20200404 01:09:49.731" endtime="20200404 01:09:49.938"></status>
</kw>
<status status="PASS" starttime="20200404 01:09:49.730" endtime="20200404 01:09:49.938"></status>
</kw>
<kw name="Quando eu faço o cadastro de um novo jogo" library="keywords">
<arguments>
<arg>${EMPTY}</arg>
<arg>FPS</arg>
<arg>20.00</arg>
<arg>10</arg>
</arguments>
<kw name="Input Text" library="SeleniumLibrary">
<doc>Types the given ``text`` into the text field identified by ``locator``.</doc>
<arguments>
<arg>${CAMPO_NOME}</arg>
<arg>${nome}</arg>
</arguments>
<msg timestamp="20200404 01:09:49.940" level="INFO">Typing text '' into text field 'id:produto_nome'.</msg>
<status status="PASS" starttime="20200404 01:09:49.939" endtime="20200404 01:09:50.051"></status>
</kw>
<kw name="Input Text" library="SeleniumLibrary">
<doc>Types the given ``text`` into the text field identified by ``locator``.</doc>
<arguments>
<arg>${CAMPO_DESC}</arg>
<arg>${desc}</arg>
</arguments>
<msg timestamp="20200404 01:09:50.051" level="INFO">Typing text 'FPS' into text field 'id:produto_descricao'.</msg>
<status status="PASS" starttime="20200404 01:09:50.051" endtime="20200404 01:09:50.158"></status>
</kw>
<kw name="Input Text" library="SeleniumLibrary">
<doc>Types the given ``text`` into the text field identified by ``locator``.</doc>
<arguments>
<arg>${PRODUTO_PRECO}</arg>
<arg>${preco}</arg>
</arguments>
<msg timestamp="20200404 01:09:50.158" level="INFO">Typing text '20.00' into text field 'id:produto_preco'.</msg>
<status status="PASS" starttime="20200404 01:09:50.158" endtime="20200404 01:09:50.272"></status>
</kw>
<kw name="Input Text" library="SeleniumLibrary">
<doc>Types the given ``text`` into the text field identified by ``locator``.</doc>
<arguments>
<arg>${CAMPO_QTD}</arg>
<arg>${qtd}</arg>
</arguments>
<msg timestamp="20200404 01:09:50.273" level="INFO">Typing text '10' into text field 'id:produto_quantidade'.</msg>
<status status="PASS" starttime="20200404 01:09:50.273" endtime="20200404 01:09:50.368"></status>
</kw>
<kw name="Click Element" library="SeleniumLibrary">
<doc>Click the element identified by ``locator``.</doc>
<arguments>
<arg>${BT_CRIAR_PRODUTO}</arg>
</arguments>
<msg timestamp="20200404 01:09:50.369" level="INFO">Clicking element 'xpath://input[@value='Criar Produto']'.</msg>
<status status="PASS" starttime="20200404 01:09:50.368" endtime="20200404 01:09:50.690"></status>
</kw>
<status status="PASS" starttime="20200404 01:09:49.939" endtime="20200404 01:09:50.690"></status>
</kw>
<kw name="Então devo ver a mensagem de alerta &quot;Nome não pode ficar em branco&quot;" library="keywords">
<kw name="Element Should Contain" library="SeleniumLibrary">
<doc>Verifies that element ``locator`` contains text ``expected``.</doc>
<arguments>
<arg>${ALERTA_ERRO}</arg>
<arg>${mensagem_esperada}</arg>
</arguments>
<msg timestamp="20200404 01:09:50.750" level="INFO">Element 'css:div[role=alert]' contains text 'Nome não pode ficar em branco'.</msg>
<status status="PASS" starttime="20200404 01:09:50.712" endtime="20200404 01:09:50.750"></status>
</kw>
<status status="PASS" starttime="20200404 01:09:50.708" endtime="20200404 01:09:50.750"></status>
</kw>
<status status="PASS" starttime="20200404 01:09:49.729" endtime="20200404 01:09:50.751" critical="yes"></status>
</test>
<test id="s1-t3" name="Preço deve ser obrigatório">
<kw name="Dado que acesso o portal de cadastro de jogos" library="keywords">
<kw name="Go To" library="SeleniumLibrary">
<doc>Navigates the current browser window to the provided ``url``.</doc>
<arguments>
<arg>${BASE_URL}/produtos/new</arg>
</arguments>
<msg timestamp="20200404 01:09:50.755" level="INFO">Opening url 'http://localhost:3000/produtos/new'</msg>
<status status="PASS" starttime="20200404 01:09:50.754" endtime="20200404 01:09:50.969"></status>
</kw>
<status status="PASS" starttime="20200404 01:09:50.754" endtime="20200404 01:09:50.970"></status>
</kw>
<kw name="Quando eu faço o cadastro de um novo jogo" library="keywords">
<arguments>
<arg>Duke Nukem 3D</arg>
<arg>FPS</arg>
<arg>${EMPTY}</arg>
<arg>10</arg>
</arguments>
<kw name="Input Text" library="SeleniumLibrary">
<doc>Types the given ``text`` into the text field identified by ``locator``.</doc>
<arguments>
<arg>${CAMPO_NOME}</arg>
<arg>${nome}</arg>
</arguments>
<msg timestamp="20200404 01:09:50.971" level="INFO">Typing text 'Duke Nukem 3D' into text field 'id:produto_nome'.</msg>
<status status="PASS" starttime="20200404 01:09:50.971" endtime="20200404 01:09:51.158"></status>
</kw>
<kw name="Input Text" library="SeleniumLibrary">
<doc>Types the given ``text`` into the text field identified by ``locator``.</doc>
<arguments>
<arg>${CAMPO_DESC}</arg>
<arg>${desc}</arg>
</arguments>
<msg timestamp="20200404 01:09:51.159" level="INFO">Typing text 'FPS' into text field 'id:produto_descricao'.</msg>
<status status="PASS" starttime="20200404 01:09:51.158" endtime="20200404 01:09:51.253"></status>
</kw>
<kw name="Input Text" library="SeleniumLibrary">
<doc>Types the given ``text`` into the text field identified by ``locator``.</doc>
<arguments>
<arg>${PRODUTO_PRECO}</arg>
<arg>${preco}</arg>
</arguments>
<msg timestamp="20200404 01:09:51.254" level="INFO">Typing text '' into text field 'id:produto_preco'.</msg>
<status status="PASS" starttime="20200404 01:09:51.254" endtime="20200404 01:09:51.366"></status>
</kw>
<kw name="Input Text" library="SeleniumLibrary">
<doc>Types the given ``text`` into the text field identified by ``locator``.</doc>
<arguments>
<arg>${CAMPO_QTD}</arg>
<arg>${qtd}</arg>
</arguments>
<msg timestamp="20200404 01:09:51.367" level="INFO">Typing text '10' into text field 'id:produto_quantidade'.</msg>
<status status="PASS" starttime="20200404 01:09:51.366" endtime="20200404 01:09:51.480"></status>
</kw>
<kw name="Click Element" library="SeleniumLibrary">
<doc>Click the element identified by ``locator``.</doc>
<arguments>
<arg>${BT_CRIAR_PRODUTO}</arg>
</arguments>
<msg timestamp="20200404 01:09:51.481" level="INFO">Clicking element 'xpath://input[@value='Criar Produto']'.</msg>
<status status="PASS" starttime="20200404 01:09:51.481" endtime="20200404 01:09:51.814"></status>
</kw>
<status status="PASS" starttime="20200404 01:09:50.970" endtime="20200404 01:09:51.814"></status>
</kw>
<kw name="Então devo ver a mensagem de alerta &quot;Preco não pode ficar em branco&quot;" library="keywords">
<kw name="Element Should Contain" library="SeleniumLibrary">
<doc>Verifies that element ``locator`` contains text ``expected``.</doc>
<arguments>
<arg>${ALERTA_ERRO}</arg>
<arg>${mensagem_esperada}</arg>
</arguments>
<msg timestamp="20200404 01:09:51.855" level="INFO">Element 'css:div[role=alert]' contains text 'Preco não pode ficar em branco'.</msg>
<status status="PASS" starttime="20200404 01:09:51.817" endtime="20200404 01:09:51.855"></status>
</kw>
<status status="PASS" starttime="20200404 01:09:51.815" endtime="20200404 01:09:51.855"></status>
</kw>
<status status="PASS" starttime="20200404 01:09:50.753" endtime="20200404 01:09:51.856" critical="yes"></status>
</test>
<test id="s1-t4" name="Quantidade deve ser obrigatório">
<kw name="Dado que acesso o portal de cadastro de jogos" library="keywords">
<kw name="Go To" library="SeleniumLibrary">
<doc>Navigates the current browser window to the provided ``url``.</doc>
<arguments>
<arg>${BASE_URL}/produtos/new</arg>
</arguments>
<msg timestamp="20200404 01:09:51.859" level="INFO">Opening url 'http://localhost:3000/produtos/new'</msg>
<status status="PASS" starttime="20200404 01:09:51.858" endtime="20200404 01:09:52.054"></status>
</kw>
<status status="PASS" starttime="20200404 01:09:51.858" endtime="20200404 01:09:52.054"></status>
</kw>
<kw name="Quando eu faço o cadastro de um novo jogo" library="keywords">
<arguments>
<arg>Duke Nukem 3D</arg>
<arg>FPS</arg>
<arg>20.00</arg>
<arg>${EMPTY}</arg>
</arguments>
<kw name="Input Text" library="SeleniumLibrary">
<doc>Types the given ``text`` into the text field identified by ``locator``.</doc>
<arguments>
<arg>${CAMPO_NOME}</arg>
<arg>${nome}</arg>
</arguments>
<msg timestamp="20200404 01:09:52.056" level="INFO">Typing text 'Duke Nukem 3D' into text field 'id:produto_nome'.</msg>
<status status="PASS" starttime="20200404 01:09:52.056" endtime="20200404 01:09:52.217"></status>
</kw>
<kw name="Input Text" library="SeleniumLibrary">
<doc>Types the given ``text`` into the text field identified by ``locator``.</doc>
<arguments>
<arg>${CAMPO_DESC}</arg>
<arg>${desc}</arg>
</arguments>
<msg timestamp="20200404 01:09:52.217" level="INFO">Typing text 'FPS' into text field 'id:produto_descricao'.</msg>
<status status="PASS" starttime="20200404 01:09:52.217" endtime="20200404 01:09:52.307"></status>
</kw>
<kw name="Input Text" library="SeleniumLibrary">
<doc>Types the given ``text`` into the text field identified by ``locator``.</doc>
<arguments>
<arg>${PRODUTO_PRECO}</arg>
<arg>${preco}</arg>
</arguments>
<msg timestamp="20200404 01:09:52.308" level="INFO">Typing text '20.00' into text field 'id:produto_preco'.</msg>
<status status="PASS" starttime="20200404 01:09:52.307" endtime="20200404 01:09:52.421"></status>
</kw>
<kw name="Input Text" library="SeleniumLibrary">
<doc>Types the given ``text`` into the text field identified by ``locator``.</doc>
<arguments>
<arg>${CAMPO_QTD}</arg>
<arg>${qtd}</arg>
</arguments>
<msg timestamp="20200404 01:09:52.421" level="INFO">Typing text '' into text field 'id:produto_quantidade'.</msg>
<status status="PASS" starttime="20200404 01:09:52.421" endtime="20200404 01:09:52.512"></status>
</kw>
<kw name="Click Element" library="SeleniumLibrary">
<doc>Click the element identified by ``locator``.</doc>
<arguments>
<arg>${BT_CRIAR_PRODUTO}</arg>
</arguments>
<msg timestamp="20200404 01:09:52.512" level="INFO">Clicking element 'xpath://input[@value='Criar Produto']'.</msg>
<status status="PASS" starttime="20200404 01:09:52.512" endtime="20200404 01:09:52.850"></status>
</kw>
<status status="PASS" starttime="20200404 01:09:52.055" endtime="20200404 01:09:52.850"></status>
</kw>
<kw name="Então devo ver a mensagem de alerta &quot;Quantidade não pode ficar em branco&quot;" library="keywords">
<kw name="Element Should Contain" library="SeleniumLibrary">
<doc>Verifies that element ``locator`` contains text ``expected``.</doc>
<arguments>
<arg>${ALERTA_ERRO}</arg>
<arg>${mensagem_esperada}</arg>
</arguments>
<msg timestamp="20200404 01:09:52.904" level="INFO">Element 'css:div[role=alert]' contains text 'Quantidade não pode ficar em branco'.</msg>
<status status="PASS" starttime="20200404 01:09:52.852" endtime="20200404 01:09:52.904"></status>
</kw>
<status status="PASS" starttime="20200404 01:09:52.851" endtime="20200404 01:09:52.904"></status>
</kw>
<status status="PASS" starttime="20200404 01:09:51.857" endtime="20200404 01:09:52.904" critical="yes"></status>
</test>
<kw name="Encerra Sessao" library="keywords" type="teardown">
<kw name="Capture Page Screenshot" library="SeleniumLibrary">
<doc>Takes a screenshot of the current page and embeds it into a log file.</doc>
<msg timestamp="20200404 01:09:53.271" level="INFO" html="yes">&lt;/td&gt;&lt;/tr&gt;&lt;tr&gt;&lt;td colspan="3"&gt;&lt;a href="selenium-screenshot-24.png"&gt;&lt;img src="selenium-screenshot-24.png" width="800px"&gt;&lt;/a&gt;</msg>
<status status="PASS" starttime="20200404 01:09:52.907" endtime="20200404 01:09:53.271"></status>
</kw>
<kw name="Close Browser" library="SeleniumLibrary">
<doc>Closes the current browser.</doc>
<status status="PASS" starttime="20200404 01:09:53.271" endtime="20200404 01:09:55.643"></status>
</kw>
<status status="PASS" starttime="20200404 01:09:52.907" endtime="20200404 01:09:55.643"></status>
</kw>
<doc>Cadastro de jogos</doc>
<status status="PASS" starttime="20200404 01:09:41.442" endtime="20200404 01:09:55.643"></status>
</suite>
<statistics>
<total>
<stat pass="4" fail="0">Critical Tests</stat>
<stat pass="4" fail="0">All Tests</stat>
</total>
<tag>
</tag>
<suite>
<stat pass="4" fail="0" id="s1" name="Cadastro">Cadastro</stat>
</suite>
</statistics>
<errors>
</errors>
</robot>
